<?xml version="1.0" encoding="UTF-8"?>
<!-- Generated by org.testng.reporters.JUnitReportReporter -->
<testsuite hostname="DESKTOP-30D7VOM" failures="0" tests="1" name="com.vtiger.campaignsTest.CreateCampaignsTest" time="114.750" errors="0" timestamp="2022-05-24T14:47:40 IST" skipped="0">
  <testcase classname="com.vtiger.campaignsTest.CreateCampaignsTest" name="createCampaignsTest" time="114.750"/>
  <system-out/>
</testsuite> <!-- com.vtiger.campaignsTest.CreateCampaignsTest -->
