<?xml version="1.0" encoding="UTF-8"?>
<!-- Generated by org.testng.reporters.JUnitReportReporter -->
<testsuite hostname="DESKTOP-30D7VOM" failures="0" tests="11" name="com.vtiger.practice.PracticeTestNG2Test" time="0.091" errors="0" timestamp="2022-05-18T11:23:14 IST" skipped="0">
  <testcase classname="com.vtiger.practice.PracticeTestNG2Test" name="practiceTestNG2Test" time="0.007"/>
  <system-out>
    <![CDATA[admin9------>password9]]>
  </system-out>
  <testcase classname="com.vtiger.practice.PracticeTestNG2Test" name="practiceTestNG2Test" time="0.004"/>
  <system-out>
    <![CDATA[admin1------>password1]]>
  </system-out>
  <testcase classname="com.vtiger.practice.PracticeTestNG2Test" name="practiceTestNG2Test" time="0.008"/>
  <system-out>
    <![CDATA[admin5------>password5]]>
  </system-out>
  <testcase classname="com.vtiger.practice.PracticeTestNG2Test" name="practiceTestNG2Test" time="0.006"/>
  <system-out>
    <![CDATA[admin8------>password8]]>
  </system-out>
  <testcase classname="com.vtiger.practice.PracticeTestNG2Test" name="practiceTestNG2Test" time="0.004"/>
  <system-out>
    <![CDATA[Username------>Password]]>
  </system-out>
  <testcase classname="com.vtiger.practice.PracticeTestNG2Test" name="practiceTestNG2Test" time="0.018"/>
  <system-out>
    <![CDATA[admin7------>password7]]>
  </system-out>
  <testcase classname="com.vtiger.practice.PracticeTestNG2Test" name="practiceTestNG2Test" time="0.010"/>
  <system-out>
    <![CDATA[admin2------>password2]]>
  </system-out>
  <testcase classname="com.vtiger.practice.PracticeTestNG2Test" name="practiceTestNG2Test" time="0.008"/>
  <system-out>
    <![CDATA[admin3------>password3]]>
  </system-out>
  <testcase classname="com.vtiger.practice.PracticeTestNG2Test" name="practiceTestNG2Test" time="0.007"/>
  <system-out>
    <![CDATA[admin4------>password4]]>
  </system-out>
  <testcase classname="com.vtiger.practice.PracticeTestNG2Test" name="practiceTestNG2Test" time="0.004"/>
  <system-out>
    <![CDATA[admin6------>password6]]>
  </system-out>
  <testcase classname="com.vtiger.practice.PracticeTestNG2Test" name="practiceTestNG2Test" time="0.015"/>
  <system-out>
    <![CDATA[testcase1]]>
  </system-out>
</testsuite> <!-- com.vtiger.practice.PracticeTestNG2Test -->
