<?xml version="1.0" encoding="UTF-8"?>
<!-- Generated by org.testng.reporters.JUnitReportReporter -->
<testsuite hostname="DESKTOP-30D7VOM" failures="0" tests="1" name="com.vtiger.contactsTest.CreateContactWithOrganizationTest" time="82.877" errors="0" timestamp="2022-05-20T10:19:36 IST" skipped="0">
  <testcase classname="com.vtiger.contactsTest.CreateContactWithOrganizationTest" name="createContactWithOrganizationTest" time="82.877"/>
  <system-out/>
</testsuite> <!-- com.vtiger.contactsTest.CreateContactWithOrganizationTest -->
