<?xml version="1.0" encoding="UTF-8"?>
<!-- Generated by org.testng.reporters.JUnitReportReporter -->
<testsuite hostname="DESKTOP-30D7VOM" failures="0" tests="4" name="com.vtiger.practice.PracticeTestNGTest" time="0.015" errors="0" timestamp="2022-05-16T14:32:11 IST" skipped="0">
  <testcase classname="com.vtiger.practice.PracticeTestNGTest" name="PracticeTestNGTest2" time="0.002"/>
  <system-out>
    <![CDATA[TC 2 Pass]]>
  </system-out>
  <testcase classname="com.vtiger.practice.PracticeTestNGTest" name="PracticeTestNGTest" time="0.009"/>
  <system-out>
    <![CDATA[TC Pass]]>
  </system-out>
  <testcase classname="com.vtiger.practice.PracticeTestNGTest" name="PracticeTestNGTest3" time="0.002"/>
  <system-out>
    <![CDATA[TC 3 pass]]>
  </system-out>
  <testcase classname="com.vtiger.practice.PracticeTestNGTest" name="PracticeTestNGTest1" time="0.002"/>
  <system-out>
    <![CDATA[TC 1 Pass ]]>
  </system-out>
</testsuite> <!-- com.vtiger.practice.PracticeTestNGTest -->
