<?xml version="1.0" encoding="UTF-8"?>
<!-- Generated by org.testng.reporters.JUnitReportReporter -->
<testsuite hostname="DESKTOP-30D7VOM" failures="0" tests="1" name="com.vtiger.productsTest.CreateProductsTest" time="29.233" errors="0" timestamp="2022-05-24T15:11:45 IST" skipped="0">
  <testcase classname="com.vtiger.productsTest.CreateProductsTest" name="createProductsTest" time="29.233"/>
  <system-out/>
</testsuite> <!-- com.vtiger.productsTest.CreateProductsTest -->
