<?xml version="1.0" encoding="UTF-8"?>
<!-- Generated by org.testng.reporters.JUnitReportReporter -->
<testsuite hostname="DESKTOP-30D7VOM" failures="0" tests="2" name="com.vtiger.practice.TestNGPracticeTestt" time="0.013" errors="0" timestamp="2022-05-19T14:48:13 IST" skipped="0">
  <testcase classname="com.vtiger.practice.TestNGPracticeTestt" name="practice1Test" time="0.011"/>
  <system-out>
    <![CDATA[TestNGPractice1Test-->  Test1]]>
  </system-out>
  <testcase classname="com.vtiger.practice.TestNGPracticeTestt" name="practice3Test" time="0.002"/>
  <system-out>
    <![CDATA[TestNGPractice3Test-->  Test3]]>
  </system-out>
</testsuite> <!-- com.vtiger.practice.TestNGPracticeTestt -->
