<?xml version="1.0" encoding="UTF-8"?>
<!-- Generated by org.testng.reporters.JUnitReportReporter -->
<testsuite hostname="DESKTOP-30D7VOM" failures="0" tests="3" name="com.vtiger.practice.TestNGPracticeTest1" time="0.025" errors="0" timestamp="2022-05-19T13:21:52 IST" skipped="0">
  <testcase classname="com.vtiger.practice.TestNGPracticeTest1" name="practice2Test" time="0.005"/>
  <system-out>
    <![CDATA[TestNGPractice2Test-->  Test2]]>
  </system-out>
  <testcase classname="com.vtiger.practice.TestNGPracticeTest1" name="practice1Test" time="0.007"/>
  <system-out>
    <![CDATA[TestNGPractice1Test-->  Test1]]>
  </system-out>
  <testcase classname="com.vtiger.practice.TestNGPracticeTest1" name="practice3Test" time="0.013"/>
  <system-out>
    <![CDATA[TestNGPractice3Test-->  Test3]]>
  </system-out>
</testsuite> <!-- com.vtiger.practice.TestNGPracticeTest1 -->
