<?xml version="1.0" encoding="UTF-8"?>
<!-- Generated by org.testng.reporters.JUnitReportReporter -->
<testsuite hostname="DESKTOP-30D7VOM" failures="0" tests="1" name="com.vtiger.documentsTest.CreateDocumentsTest" time="41.929" errors="0" timestamp="2022-05-24T15:11:46 IST" skipped="0">
  <testcase classname="com.vtiger.documentsTest.CreateDocumentsTest" name="createDocumentsTest" time="41.929"/>
  <system-out/>
</testsuite> <!-- com.vtiger.documentsTest.CreateDocumentsTest -->
